<?xml version="1.0" encoding="UTF-8"?>
<!-- Generated by org.testng.reporters.JUnitXMLReporter -->
<testsuite ignored="0" hostname="DESKTOP-U376SH8" failures="0" tests="14" name="Surefire test" time="31.338" errors="0" timestamp="2024-09-25T16:23:54 IST">
  <testcase classname="api.test.DDTests" name="testPostUser" time="4.95"/>
  <testcase classname="api.test.DDTests" name="testPostUser" time="1.559"/>
  <testcase classname="api.test.DDTests" name="testPostUser" time="1.61"/>
  <testcase classname="api.test.DDTests" name="testPostUser" time="1.511"/>
  <testcase classname="api.test.DDTests" name="testPostUser" time="1.532"/>
  <testcase classname="api.test.DDTests" name="testDeleteUserByName" time="1.473"/>
  <testcase classname="api.test.DDTests" name="testDeleteUserByName" time="1.488"/>
  <testcase classname="api.test.DDTests" name="testDeleteUserByName" time="1.541"/>
  <testcase classname="api.test.DDTests" name="testDeleteUserByName" time="1.491"/>
  <testcase classname="api.test.DDTests" name="testDeleteUserByName" time="1.568"/>
  <testcase classname="api.test.UserTests" name="testPostUser" time="1.629"/>
  <testcase classname="api.test.UserTests" name="testGetUserByName" time="1.54"/>
  <testcase classname="api.test.UserTests" name="testUpdateUserByName" time="3.138"/>
  <testcase classname="api.test.UserTests" name="deleteUserByName" time="1.969"/>
</testsuite> <!-- Surefire test -->
