<?xml version="1.0" encoding="UTF-8"?>
<!-- Generated by org.testng.reporters.JUnitXMLReporter -->
<testsuite ignored="0" hostname="DESKTOP-U376SH8" failures="0" tests="4" name="Default test" time="12.655" errors="0" timestamp="2024-09-25T11:57:26 IST">
  <testcase classname="api.test.UserTests" name="testPostUser" time="5.995"/>
  <testcase classname="api.test.UserTests" name="testGetUserByName" time="1.604"/>
  <testcase classname="api.test.UserTests" name="testUpdateUserByName" time="3.117"/>
  <testcase classname="api.test.UserTests" name="deleteUserByName" time="1.53"/>
</testsuite> <!-- Default test -->
