<?xml version="1.0" encoding="UTF-8"?>
<testsuite xmlns:xsi="http://www.w3.org/2001/XMLSchema-instance" xsi:noNamespaceSchemaLocation="https://maven.apache.org/surefire/maven-surefire-plugin/xsd/surefire-test-report.xsd" version="3.0.2" name="TestSuite" time="32.93" tests="14" errors="0" skipped="0" failures="0">
  <properties>
[...]
</properties>
  <testcase name="testPostUser[1010, testuser1, john, canedy, a@gmail.com, test@1, 1234567891](1)" classname="api.test.DDTests" time="4.954">
    <system-out><![CDATA[2024-09-25T10:53:23.044444100Z main ERROR Log4j2 could not find a logging implementation. Please add log4j-core to the classpath. Using SimpleLogger to log to the console...
]]></system-out>
    <system-err><![CDATA[SLF4J: Failed to load class "org.slf4j.impl.StaticLoggerBinder".
SLF4J: Defaulting to no-operation (NOP) logger implementation
SLF4J: See http://www.slf4j.org/codes.html#StaticLoggerBinder for further details.
]]></system-err>
  </testcase>
  <testcase name="testPostUser[1020, testuser2, kim, kom, b@gmail.com, test@2, 1234567891](2)" classname="api.test.DDTests" time="1.557"/>
  <testcase name="testPostUser[1030, testuser3, smith, steve, c@gmail.com, test@3, 1234567891](3)" classname="api.test.DDTests" time="1.604"/>
  <testcase name="testPostUser[1040, testuser4, scott, richard, d@gmail.com, test@4, 1234567891](4)" classname="api.test.DDTests" time="1.509"/>
  <testcase name="testPostUser[1050, testuser5, neel, lenen, e@gmail.com, test@5, 1234567891](5)" classname="api.test.DDTests" time="1.543"/>
  <testcase name="testDeleteUserByName[testuser1](1)" classname="api.test.DDTests" time="1.475"/>
  <testcase name="testDeleteUserByName[testuser2](2)" classname="api.test.DDTests" time="1.492"/>
  <testcase name="testDeleteUserByName[testuser3](3)" classname="api.test.DDTests" time="1.54"/>
  <testcase name="testDeleteUserByName[testuser4](4)" classname="api.test.DDTests" time="1.492"/>
  <testcase name="testDeleteUserByName[testuser5](5)" classname="api.test.DDTests" time="1.569"/>
  <testcase name="testPostUser" classname="api.test.UserTests" time="1.641">
    <system-out><![CDATA[HTTP/1.1 200 OK
Date: Wed, 25 Sep 2024 10:53:47 GMT
Content-Type: application/json
Transfer-Encoding: chunked
Connection: keep-alive
Access-Control-Allow-Origin: *
Access-Control-Allow-Methods: GET, POST, DELETE, PUT
Access-Control-Allow-Headers: Content-Type, api_key, Authorization
Server: Jetty(9.2.9.v20150224)

{
    "code": 200,
    "type": "unknown",
    "message": "1848568533"
}
]]></system-out>
  </testcase>
  <testcase name="testGetUserByName" classname="api.test.UserTests" time="1.56">
    <system-out><![CDATA[HTTP/1.1 200 OK
Date: Wed, 25 Sep 2024 10:53:49 GMT
Content-Type: application/json
Transfer-Encoding: chunked
Connection: keep-alive
Access-Control-Allow-Origin: *
Access-Control-Allow-Methods: GET, POST, DELETE, PUT
Access-Control-Allow-Headers: Content-Type, api_key, Authorization
Server: Jetty(9.2.9.v20150224)

{
    "id": 1848568533,
    "username": "santina.langosh",
    "firstName": "Trevor",
    "lastName": "Cartwright",
    "email": "emelia.renner@example.com",
    "password": "sfbhjj0eoqwy81",
    "phone": "357-380-3759",
    "userStatus": 0
}
]]></system-out>
  </testcase>
  <testcase name="testUpdateUserByName" classname="api.test.UserTests" time="3.11">
    <system-out><![CDATA[{
    "code": 200,
    "type": "unknown",
    "message": "1848568533"
}
]]></system-out>
  </testcase>
  <testcase name="deleteUserByName" classname="api.test.UserTests" time="1.963"/>
</testsuite>