<?xml version="1.0" encoding="UTF-8"?>
<testng-results ignored="0" total="4" passed="4" failed="0" skipped="0">
  <reporter-output>
  </reporter-output>
  <suite started-at="2024-09-25T15:08:51 IST" name="PetSuite" finished-at="2024-09-25T15:09:05 IST" duration-ms="13477">
    <groups>
    </groups>
    <test started-at="2024-09-25T15:08:51 IST" name="PetTest" finished-at="2024-09-25T15:09:05 IST" duration-ms="13477">
      <class name="api.test.UserTests2">
        <test-method is-config="true" signature="setupData()[pri:0, instance:api.test.UserTests2@a530d0a]" started-at="2024-09-25T15:08:52 IST" name="setupData" finished-at="2024-09-25T15:08:52 IST" duration-ms="524" status="PASS">
          <reporter-output>
          </reporter-output>
        </test-method> <!-- setupData -->
        <test-method signature="testPostUser()[pri:1, instance:api.test.UserTests2@a530d0a]" started-at="2024-09-25T15:08:52 IST" name="testPostUser" finished-at="2024-09-25T15:08:58 IST" duration-ms="6049" status="PASS">
          <reporter-output>
          </reporter-output>
        </test-method> <!-- testPostUser -->
        <test-method signature="testGetUserByName()[pri:2, instance:api.test.UserTests2@a530d0a]" started-at="2024-09-25T15:08:58 IST" name="testGetUserByName" finished-at="2024-09-25T15:09:00 IST" duration-ms="1663" status="PASS">
          <reporter-output>
          </reporter-output>
        </test-method> <!-- testGetUserByName -->
        <test-method signature="testUpdateUserByName()[pri:3, instance:api.test.UserTests2@a530d0a]" started-at="2024-09-25T15:09:00 IST" name="testUpdateUserByName" finished-at="2024-09-25T15:09:03 IST" duration-ms="3094" status="PASS">
          <reporter-output>
          </reporter-output>
        </test-method> <!-- testUpdateUserByName -->
        <test-method signature="deleteUserByName()[pri:4, instance:api.test.UserTests2@a530d0a]" started-at="2024-09-25T15:09:03 IST" name="deleteUserByName" finished-at="2024-09-25T15:09:05 IST" duration-ms="1495" status="PASS">
          <reporter-output>
          </reporter-output>
        </test-method> <!-- deleteUserByName -->
      </class> <!-- api.test.UserTests2 -->
    </test> <!-- PetTest -->
  </suite> <!-- PetSuite -->
</testng-results>
