<?xml version="1.0" encoding="UTF-8"?>
<!-- Generated by org.testng.reporters.JUnitXMLReporter -->
<testsuite ignored="0" hostname="DESKTOP-U376SH8" failures="0" tests="4" name="PetTest" time="13.477" errors="0" timestamp="2024-09-25T15:09:05 IST">
  <testcase classname="api.test.UserTests2" name="testPostUser" time="6.049"/>
  <testcase classname="api.test.UserTests2" name="testGetUserByName" time="1.663"/>
  <testcase classname="api.test.UserTests2" name="testUpdateUserByName" time="3.094"/>
  <testcase classname="api.test.UserTests2" name="deleteUserByName" time="1.495"/>
</testsuite> <!-- PetTest -->
